\BOOKMARK [1][-]{section.1}{Introduction}{}% 1
\BOOKMARK [1][-]{section.2}{First steps}{}% 2
\BOOKMARK [2][-]{subsection.2.1}{Creating an application}{section.2}% 3
\BOOKMARK [2][-]{subsection.2.2}{Creating a window}{section.2}% 4
\BOOKMARK [2][-]{subsection.2.3}{Creating a scene}{section.2}% 5
\BOOKMARK [2][-]{subsection.2.4}{Resource registry}{section.2}% 6
\BOOKMARK [1][-]{section.3}{Scene graph}{}% 7
\BOOKMARK [2][-]{subsection.3.1}{Nodes}{section.3}% 8
\BOOKMARK [2][-]{subsection.3.2}{Texture}{section.3}% 9
\BOOKMARK [2][-]{subsection.3.3}{Material}{section.3}% 10
\BOOKMARK [2][-]{subsection.3.4}{Geometry}{section.3}% 11
\BOOKMARK [2][-]{subsection.3.5}{Shader}{section.3}% 12
\BOOKMARK [2][-]{subsection.3.6}{Drawable}{section.3}% 13
\BOOKMARK [1][-]{section.4}{Rendering}{}% 14
\BOOKMARK [2][-]{subsection.4.1}{Renderer}{section.4}% 15
\BOOKMARK [2][-]{subsection.4.2}{Scene Renderer}{section.4}% 16
\BOOKMARK [2][-]{subsection.4.3}{Frame}{section.4}% 17
\BOOKMARK [2][-]{subsection.4.4}{Camera}{section.4}% 18
\BOOKMARK [1][-]{section.5}{Lighting}{}% 19
\BOOKMARK [1][-]{section.6}{Input}{}% 20
\BOOKMARK [2][-]{subsection.6.1}{Input events}{section.6}% 21
\BOOKMARK [2][-]{subsection.6.2}{EventSystem}{section.6}% 22
\BOOKMARK [2][-]{subsection.6.3}{Device States}{section.6}% 23
\BOOKMARK [1][-]{section.7}{GUI}{}% 24
\BOOKMARK [2][-]{subsection.7.1}{Initialization}{section.7}% 25
\BOOKMARK [2][-]{subsection.7.2}{Backend}{section.7}% 26
\BOOKMARK [2][-]{subsection.7.3}{Usage}{section.7}% 27
